<?xml version="1.0" encoding="UTF-8"?>
<testng-results ignored="0" total="1" passed="1" failed="0" skipped="0">
  <reporter-output>
  </reporter-output>
  <suite started-at="2020-02-09T11:18:43 IST" name="Default suite" finished-at="2020-02-09T11:18:49 IST" duration-ms="6599">
    <groups>
    </groups>
    <test started-at="2020-02-09T11:18:43 IST" name="Default test" finished-at="2020-02-09T11:18:49 IST" duration-ms="6599">
      <class name="com.proxy.App">
        <test-method is-config="true" signature="setUp()[pri:0, instance:com.proxy.App@fd07cbb]" started-at="2020-02-09T11:18:43 IST" name="setUp" finished-at="2020-02-09T11:18:48 IST" duration-ms="4996" status="PASS">
          <reporter-output>
          </reporter-output>
        </test-method> <!-- setUp -->
        <test-method signature="testProxifying()[pri:0, instance:com.proxy.App@fd07cbb]" started-at="2020-02-09T11:18:48 IST" name="testProxifying" finished-at="2020-02-09T11:18:49 IST" duration-ms="824" status="PASS">
          <reporter-output>
          </reporter-output>
        </test-method> <!-- testProxifying -->
        <test-method is-config="true" signature="tearDown()[pri:0, instance:com.proxy.App@fd07cbb]" started-at="2020-02-09T11:18:49 IST" name="tearDown" finished-at="2020-02-09T11:18:49 IST" duration-ms="733" status="PASS">
          <reporter-output>
          </reporter-output>
        </test-method> <!-- tearDown -->
      </class> <!-- com.proxy.App -->
    </test> <!-- Default test -->
  </suite> <!-- Default suite -->
</testng-results>
